Gym365/app/build/intermediates/manifest_merge_blame_file/debug/manifest-merger-blame-debug-report.txt
1<?xml version="1.0" encoding="utf-8"?>
2<manifest xmlns:android="http://schemas.android.com/apk/res/android"
3    package="com.example.gym365"
4    android:versionCode="1"
5    android:versionName="1.0" >
6
7    <uses-sdk
8        android:minSdkVersion="23"
8-->src/main/AndroidManifest.xml
9        android:targetSdkVersion="28" />
9-->src/main/AndroidManifest.xml
10
11    <application
11-->src/main/AndroidManifest.xml:6:5-126:19
12        android:allowBackup="true"
12-->src/main/AndroidManifest.xml:7:9-35
13        android:appComponentFactory="androidx.core.app.CoreComponentFactory"
13-->[androidx.core:core:1.0.1] AndroidManifest.xml:22:18-86
14        android:debuggable="true"
15        android:icon="@mipmap/ic_launcher"
15-->src/main/AndroidManifest.xml:8:9-43
16        android:label="@string/app_name"
16-->src/main/AndroidManifest.xml:9:9-41
17        android:roundIcon="@mipmap/ic_launcher_round"
17-->src/main/AndroidManifest.xml:10:9-54
18        android:supportsRtl="true"
18-->src/main/AndroidManifest.xml:11:9-35
19        android:testOnly="true"
20        android:theme="@style/AppTheme" >
20-->src/main/AndroidManifest.xml:12:9-40
21        <activity android:name="com.example.gym365.MainActivity" >
21-->src/main/AndroidManifest.xml:14:9-20:20
21-->src/main/AndroidManifest.xml:14:19-47
22            <intent-filter>
22-->src/main/AndroidManifest.xml:15:13-19:29
23                <action android:name="android.intent.action.MAIN" />
23-->src/main/AndroidManifest.xml:16:17-69
23-->src/main/AndroidManifest.xml:16:25-66
24
25                <category android:name="android.intent.category.LAUNCHER" />
25-->src/main/AndroidManifest.xml:18:17-77
25-->src/main/AndroidManifest.xml:18:27-74
26            </intent-filter>
27        </activity>
28        <activity android:name="com.example.gym365.Activity_calendar" >
28-->src/main/AndroidManifest.xml:22:9-28:20
28-->src/main/AndroidManifest.xml:22:19-52
29            <intent-filter>
29-->src/main/AndroidManifest.xml:15:13-19:29
30                <action android:name="android.intent.action.MAIN" />
30-->src/main/AndroidManifest.xml:16:17-69
30-->src/main/AndroidManifest.xml:16:25-66
31
32                <category android:name="android.intent.category.LAUNCHER" />
32-->src/main/AndroidManifest.xml:18:17-77
32-->src/main/AndroidManifest.xml:18:27-74
33            </intent-filter>
34        </activity>
35        <activity android:name="com.example.gym365.Activity_tables" >
35-->src/main/AndroidManifest.xml:30:9-36:20
35-->src/main/AndroidManifest.xml:30:19-50
36            <intent-filter>
36-->src/main/AndroidManifest.xml:15:13-19:29
37                <action android:name="android.intent.action.MAIN" />
37-->src/main/AndroidManifest.xml:16:17-69
37-->src/main/AndroidManifest.xml:16:25-66
38
39                <category android:name="android.intent.category.LAUNCHER" />
39-->src/main/AndroidManifest.xml:18:17-77
39-->src/main/AndroidManifest.xml:18:27-74
40            </intent-filter>
41        </activity>
42        <activity android:name="com.example.gym365.Activity_exercises" >
42-->src/main/AndroidManifest.xml:38:9-44:20
42-->src/main/AndroidManifest.xml:38:19-53
43            <intent-filter>
43-->src/main/AndroidManifest.xml:15:13-19:29
44                <action android:name="android.intent.action.MAIN" />
44-->src/main/AndroidManifest.xml:16:17-69
44-->src/main/AndroidManifest.xml:16:25-66
45
46                <category android:name="android.intent.category.LAUNCHER" />
46-->src/main/AndroidManifest.xml:18:17-77
46-->src/main/AndroidManifest.xml:18:27-74
47            </intent-filter>
48        </activity>
49        <activity android:name="com.example.gym365.Activity_routes" >
49-->src/main/AndroidManifest.xml:46:9-52:20
49-->src/main/AndroidManifest.xml:46:19-50
50            <intent-filter>
50-->src/main/AndroidManifest.xml:15:13-19:29
51                <action android:name="android.intent.action.MAIN" />
51-->src/main/AndroidManifest.xml:16:17-69
51-->src/main/AndroidManifest.xml:16:25-66
52
53                <category android:name="android.intent.category.LAUNCHER" />
53-->src/main/AndroidManifest.xml:18:17-77
53-->src/main/AndroidManifest.xml:18:27-74
54            </intent-filter>
55        </activity>
56        <activity android:name="com.example.gym365.Activity_pecho" >
56-->src/main/AndroidManifest.xml:54:9-60:20
56-->src/main/AndroidManifest.xml:54:19-49
57            <intent-filter>
57-->src/main/AndroidManifest.xml:15:13-19:29
58                <action android:name="android.intent.action.MAIN" />
58-->src/main/AndroidManifest.xml:16:17-69
58-->src/main/AndroidManifest.xml:16:25-66
59
60                <category android:name="android.intent.category.LAUNCHER" />
60-->src/main/AndroidManifest.xml:18:17-77
60-->src/main/AndroidManifest.xml:18:27-74
61            </intent-filter>
62        </activity>
63        <activity android:name="com.example.gym365.Activity_piernas" >
63-->src/main/AndroidManifest.xml:62:9-68:20
63-->src/main/AndroidManifest.xml:62:19-51
64            <intent-filter>
64-->src/main/AndroidManifest.xml:15:13-19:29
65                <action android:name="android.intent.action.MAIN" />
65-->src/main/AndroidManifest.xml:16:17-69
65-->src/main/AndroidManifest.xml:16:25-66
66
67                <category android:name="android.intent.category.LAUNCHER" />
67-->src/main/AndroidManifest.xml:18:17-77
67-->src/main/AndroidManifest.xml:18:27-74
68            </intent-filter>
69        </activity>
70        <activity android:name="com.example.gym365.Activity_brazos" >
70-->src/main/AndroidManifest.xml:70:9-76:20
70-->src/main/AndroidManifest.xml:70:19-50
71            <intent-filter>
71-->src/main/AndroidManifest.xml:15:13-19:29
72                <action android:name="android.intent.action.MAIN" />
72-->src/main/AndroidManifest.xml:16:17-69
72-->src/main/AndroidManifest.xml:16:25-66
73
74                <category android:name="android.intent.category.LAUNCHER" />
74-->src/main/AndroidManifest.xml:18:17-77
74-->src/main/AndroidManifest.xml:18:27-74
75            </intent-filter>
76        </activity>
77        <activity android:name="com.example.gym365.Activity_espalda" >
77-->src/main/AndroidManifest.xml:78:9-84:20
77-->src/main/AndroidManifest.xml:78:19-51
78            <intent-filter>
78-->src/main/AndroidManifest.xml:15:13-19:29
79                <action android:name="android.intent.action.MAIN" />
79-->src/main/AndroidManifest.xml:16:17-69
79-->src/main/AndroidManifest.xml:16:25-66
80
81                <category android:name="android.intent.category.LAUNCHER" />
81-->src/main/AndroidManifest.xml:18:17-77
81-->src/main/AndroidManifest.xml:18:27-74
82            </intent-filter>
83        </activity>
84        <activity android:name="com.example.gym365.Activity_hombro" >
84-->src/main/AndroidManifest.xml:86:9-92:20
84-->src/main/AndroidManifest.xml:86:19-50
85            <intent-filter>
85-->src/main/AndroidManifest.xml:15:13-19:29
86                <action android:name="android.intent.action.MAIN" />
86-->src/main/AndroidManifest.xml:16:17-69
86-->src/main/AndroidManifest.xml:16:25-66
87
88                <category android:name="android.intent.category.LAUNCHER" />
88-->src/main/AndroidManifest.xml:18:17-77
88-->src/main/AndroidManifest.xml:18:27-74
89            </intent-filter>
90        </activity>
91        <activity android:name="com.example.gym365.Activity_abdominal" >
91-->src/main/AndroidManifest.xml:94:9-100:20
91-->src/main/AndroidManifest.xml:94:19-53
92            <intent-filter>
92-->src/main/AndroidManifest.xml:15:13-19:29
93                <action android:name="android.intent.action.MAIN" />
93-->src/main/AndroidManifest.xml:16:17-69
93-->src/main/AndroidManifest.xml:16:25-66
94
95                <category android:name="android.intent.category.LAUNCHER" />
95-->src/main/AndroidManifest.xml:18:17-77
95-->src/main/AndroidManifest.xml:18:27-74
96            </intent-filter>
97        </activity>
98        <activity android:name="com.example.gym365.Activity_cardio" >
98-->src/main/AndroidManifest.xml:102:9-108:20
98-->src/main/AndroidManifest.xml:102:19-50
99            <intent-filter>
99-->src/main/AndroidManifest.xml:15:13-19:29
100                <action android:name="android.intent.action.MAIN" />
100-->src/main/AndroidManifest.xml:16:17-69
100-->src/main/AndroidManifest.xml:16:25-66
101
102                <category android:name="android.intent.category.LAUNCHER" />
102-->src/main/AndroidManifest.xml:18:17-77
102-->src/main/AndroidManifest.xml:18:27-74
103            </intent-filter>
104        </activity>
105        <activity android:name="com.example.gym365.SettingsActivity" >
105-->src/main/AndroidManifest.xml:110:9-116:20
105-->src/main/AndroidManifest.xml:110:19-51
106            <intent-filter>
106-->src/main/AndroidManifest.xml:15:13-19:29
107                <action android:name="android.intent.action.MAIN" />
107-->src/main/AndroidManifest.xml:16:17-69
107-->src/main/AndroidManifest.xml:16:25-66
108
109                <category android:name="android.intent.category.LAUNCHER" />
109-->src/main/AndroidManifest.xml:18:17-77
109-->src/main/AndroidManifest.xml:18:27-74
110            </intent-filter>
111        </activity>
112        <activity android:name="com.example.gym365.Activity_Agregar_table" >
112-->src/main/AndroidManifest.xml:118:9-124:20
112-->src/main/AndroidManifest.xml:118:19-57
113            <intent-filter>
113-->src/main/AndroidManifest.xml:15:13-19:29
114                <action android:name="android.intent.action.MAIN" />
114-->src/main/AndroidManifest.xml:16:17-69
114-->src/main/AndroidManifest.xml:16:25-66
115
116                <category android:name="android.intent.category.LAUNCHER" />
116-->src/main/AndroidManifest.xml:18:17-77
116-->src/main/AndroidManifest.xml:18:27-74
117            </intent-filter>
118        </activity>
119
120        <provider
120-->[androidx.lifecycle:lifecycle-process:2.0.0] AndroidManifest.xml:23:9-27:43
121            android:name="androidx.lifecycle.ProcessLifecycleOwnerInitializer"
121-->[androidx.lifecycle:lifecycle-process:2.0.0] AndroidManifest.xml:24:13-79
122            android:authorities="com.example.gym365.lifecycle-process"
122-->[androidx.lifecycle:lifecycle-process:2.0.0] AndroidManifest.xml:25:13-69
123            android:exported="false"
123-->[androidx.lifecycle:lifecycle-process:2.0.0] AndroidManifest.xml:26:13-37
124            android:multiprocess="true" />
124-->[androidx.lifecycle:lifecycle-process:2.0.0] AndroidManifest.xml:27:13-40
125    </application>
126
127</manifest>